2017-09-26 09:25:57.269+0000 WARN [o.n.i.p.PageCache] The dbms.memory.pagecache.size setting has not been configured. It is recommended that this setting is always explicitly configured, to ensure the system has a balanced configuration. Until then, a computed heuristic value of 1569161216 bytes will be used instead. 
2017-09-26 09:25:58.457+0000 INFO [o.n.k.i.f.CommunityEditionModule] No locking implementation specified, defaulting to 'community'
2017-09-26 09:25:58.691+0000 INFO [o.n.k.AvailabilityGuard] Requirement makes database unavailable: Database available
2017-09-26 09:25:58.738+0000 INFO [o.n.k.i.DiagnosticsManager] --- INITIALIZED diagnostics START ---
2017-09-26 09:25:58.738+0000 INFO [o.n.k.i.DiagnosticsManager] Neo4j Kernel properties:
2017-09-26 09:25:58.738+0000 INFO [o.n.k.i.DiagnosticsManager] dbms.connector.http.enabled=true
2017-09-26 09:25:58.738+0000 INFO [o.n.k.i.DiagnosticsManager] dbms.security.auth_enabled=true
2017-09-26 09:25:58.738+0000 INFO [o.n.k.i.DiagnosticsManager] dbms.connector.bolt.type=BOLT
2017-09-26 09:25:58.738+0000 INFO [o.n.k.i.DiagnosticsManager] unsupported.dbms.directories.neo4j_home=C:\Users\UO251005\Downloads\neo4j-community-3.2.5-windows\neo4j-community-3.2.5
2017-09-26 09:25:58.738+0000 INFO [o.n.k.i.DiagnosticsManager] dbms.directories.import=import
2017-09-26 09:25:58.738+0000 INFO [o.n.k.i.DiagnosticsManager] dbms.connector.https.enabled=true
2017-09-26 09:25:58.738+0000 INFO [o.n.k.i.DiagnosticsManager] dbms.connector.http.type=HTTP
2017-09-26 09:25:58.738+0000 INFO [o.n.k.i.DiagnosticsManager] dbms.jvm.additional=-Dunsupported.dbms.udc.source=zip
2017-09-26 09:25:58.738+0000 INFO [o.n.k.i.DiagnosticsManager] dbms.tx_log.rotation.retention_policy=1 days
2017-09-26 09:25:58.738+0000 INFO [o.n.k.i.DiagnosticsManager] dbms.windows_service_name=neo4j
2017-09-26 09:25:58.738+0000 INFO [o.n.k.i.DiagnosticsManager] dbms.connector.https.type=HTTP
2017-09-26 09:25:58.738+0000 INFO [o.n.k.i.DiagnosticsManager] unsupported.dbms.edition=community
2017-09-26 09:25:58.738+0000 INFO [o.n.k.i.DiagnosticsManager] dbms.connector.bolt.enabled=true
2017-09-26 09:25:58.738+0000 INFO [o.n.k.i.DiagnosticsManager] Diagnostics providers:
2017-09-26 09:25:58.738+0000 INFO [o.n.k.i.DiagnosticsManager] org.neo4j.kernel.configuration.Config
2017-09-26 09:25:58.738+0000 INFO [o.n.k.i.DiagnosticsManager] org.neo4j.kernel.info.DiagnosticsManager
2017-09-26 09:25:58.738+0000 INFO [o.n.k.i.DiagnosticsManager] SYSTEM_MEMORY
2017-09-26 09:25:58.738+0000 INFO [o.n.k.i.DiagnosticsManager] JAVA_MEMORY
2017-09-26 09:25:58.738+0000 INFO [o.n.k.i.DiagnosticsManager] OPERATING_SYSTEM
2017-09-26 09:25:58.738+0000 INFO [o.n.k.i.DiagnosticsManager] JAVA_VIRTUAL_MACHINE
2017-09-26 09:25:58.738+0000 INFO [o.n.k.i.DiagnosticsManager] CLASSPATH
2017-09-26 09:25:58.738+0000 INFO [o.n.k.i.DiagnosticsManager] LIBRARY_PATH
2017-09-26 09:25:58.738+0000 INFO [o.n.k.i.DiagnosticsManager] SYSTEM_PROPERTIES
2017-09-26 09:25:58.738+0000 INFO [o.n.k.i.DiagnosticsManager] NETWORK
2017-09-26 09:25:58.738+0000 INFO [o.n.k.i.DiagnosticsManager] System memory information:
2017-09-26 09:25:58.769+0000 INFO [o.n.k.i.DiagnosticsManager] Total Physical memory: 3,90 GB
2017-09-26 09:25:58.769+0000 INFO [o.n.k.i.DiagnosticsManager] Free Physical memory: 1,38 GB
2017-09-26 09:25:58.769+0000 INFO [o.n.k.i.DiagnosticsManager] Committed virtual memory: 149,82 MB
2017-09-26 09:25:58.769+0000 INFO [o.n.k.i.DiagnosticsManager] Total swap space: 5,99 GB
2017-09-26 09:25:58.769+0000 INFO [o.n.k.i.DiagnosticsManager] Free swap space: 2,95 GB
2017-09-26 09:25:58.769+0000 INFO [o.n.k.i.DiagnosticsManager] JVM memory information:
2017-09-26 09:25:58.769+0000 INFO [o.n.k.i.DiagnosticsManager] Free  memory: 23,83 MB
2017-09-26 09:25:58.769+0000 INFO [o.n.k.i.DiagnosticsManager] Total memory: 64,00 MB
2017-09-26 09:25:58.769+0000 INFO [o.n.k.i.DiagnosticsManager] Max   memory: 1000,00 MB
2017-09-26 09:25:58.832+0000 INFO [o.n.k.i.DiagnosticsManager] Garbage Collector: G1 Young Generation: [G1 Eden Space, G1 Survivor Space]
2017-09-26 09:25:58.832+0000 INFO [o.n.k.i.DiagnosticsManager] Garbage Collector: G1 Old Generation: [G1 Eden Space, G1 Survivor Space, G1 Old Gen]
2017-09-26 09:25:58.847+0000 INFO [o.n.k.i.DiagnosticsManager] Memory Pool: Code Cache (Non-heap memory): committed=5,06 MB, used=4,99 MB, max=240,00 MB, threshold=0,00 B
2017-09-26 09:25:58.847+0000 INFO [o.n.k.i.DiagnosticsManager] Memory Pool: Metaspace (Non-heap memory): committed=13,50 MB, used=12,60 MB, max=-1,00 B, threshold=0,00 B
2017-09-26 09:25:58.847+0000 INFO [o.n.k.i.DiagnosticsManager] Memory Pool: Compressed Class Space (Non-heap memory): committed=2,00 MB, used=1,71 MB, max=1,00 GB, threshold=0,00 B
2017-09-26 09:25:58.847+0000 INFO [o.n.k.i.DiagnosticsManager] Memory Pool: G1 Eden Space (Heap memory): committed=24,00 MB, used=17,00 MB, max=-1,00 B, threshold=?
2017-09-26 09:25:58.847+0000 INFO [o.n.k.i.DiagnosticsManager] Memory Pool: G1 Survivor Space (Heap memory): committed=3,00 MB, used=3,00 MB, max=-1,00 B, threshold=?
2017-09-26 09:25:58.847+0000 INFO [o.n.k.i.DiagnosticsManager] Memory Pool: G1 Old Gen (Heap memory): committed=37,00 MB, used=19,73 MB, max=1000,00 MB, threshold=0,00 B
2017-09-26 09:25:58.847+0000 INFO [o.n.k.i.DiagnosticsManager] Operating system information:
2017-09-26 09:25:58.847+0000 INFO [o.n.k.i.DiagnosticsManager] Operating System: Windows 10; version: 10.0; arch: amd64; cpus: 4
2017-09-26 09:25:58.847+0000 INFO [o.n.k.i.DiagnosticsManager] Process id: 896@EII-L15-15
2017-09-26 09:25:58.847+0000 INFO [o.n.k.i.DiagnosticsManager] Byte order: LITTLE_ENDIAN
2017-09-26 09:25:58.847+0000 INFO [o.n.k.i.DiagnosticsManager] Local timezone: Europe/Paris
2017-09-26 09:25:58.847+0000 INFO [o.n.k.i.DiagnosticsManager] JVM information:
2017-09-26 09:25:58.847+0000 INFO [o.n.k.i.DiagnosticsManager] VM Name: Java HotSpot(TM) 64-Bit Server VM
2017-09-26 09:25:58.847+0000 INFO [o.n.k.i.DiagnosticsManager] VM Vendor: Oracle Corporation
2017-09-26 09:25:58.847+0000 INFO [o.n.k.i.DiagnosticsManager] VM Version: 25.131-b11
2017-09-26 09:25:58.863+0000 INFO [o.n.k.i.DiagnosticsManager] JIT compiler: HotSpot 64-Bit Tiered Compilers
2017-09-26 09:25:58.863+0000 INFO [o.n.k.i.DiagnosticsManager] VM Arguments: [-Dlog4j.configuration=file:conf/log4j.properties, -Dneo4j.ext.udc.source=zip-powershell, -Dorg.neo4j.cluster.logdirectory=data/log, -XX:+UseG1GC, -XX:-OmitStackTraceInFastThrow, -XX:+AlwaysPreTouch, -XX:+UnlockExperimentalVMOptions, -XX:+TrustFinalNonStaticFields, -XX:+DisableExplicitGC, -Djdk.tls.ephemeralDHKeySize=2048, -Dunsupported.dbms.udc.source=zip, -Dfile.encoding=UTF-8]
2017-09-26 09:25:58.863+0000 INFO [o.n.k.i.DiagnosticsManager] Java classpath:
2017-09-26 09:25:58.879+0000 INFO [o.n.k.i.DiagnosticsManager]  [classpath + loader.0] file:/C:/Users/UO251005/Downloads/neo4j-community-3.2.5-windows/neo4j-community-3.2.5/lib/jersey-multipart-1.19.jar
2017-09-26 09:25:58.879+0000 INFO [o.n.k.i.DiagnosticsManager]  [classpath + loader.0] file:/C:/Users/UO251005/Downloads/neo4j-community-3.2.5-windows/neo4j-community-3.2.5/lib/lucene-queryparser-5.5.0.jar
2017-09-26 09:25:58.879+0000 INFO [o.n.k.i.DiagnosticsManager]  [classpath + loader.0] file:/C:/Users/UO251005/Downloads/neo4j-community-3.2.5-windows/neo4j-community-3.2.5/lib/neo4j-cypher-ir-3.2-3.2.5.jar
2017-09-26 09:25:58.879+0000 INFO [o.n.k.i.DiagnosticsManager]  [classpath + loader.0] file:/C:/Users/UO251005/Downloads/neo4j-community-3.2.5-windows/neo4j-community-3.2.5/lib/commons-lang3-3.3.2.jar
2017-09-26 09:25:58.879+0000 INFO [o.n.k.i.DiagnosticsManager]  [classpath + loader.0] file:/C:/Users/UO251005/Downloads/neo4j-community-3.2.5-windows/neo4j-community-3.2.5/lib/neo4j-index-3.2.5.jar
2017-09-26 09:25:58.879+0000 INFO [o.n.k.i.DiagnosticsManager]  [loader.1] file:/C:/ProgramData/Java/jdk1.8.0_131/jre/lib/ext/sunjce_provider.jar
2017-09-26 09:25:58.879+0000 INFO [o.n.k.i.DiagnosticsManager]  [bootstrap] C:\ProgramData\Java\jdk1.8.0_131\jre\lib\charsets.jar
2017-09-26 09:25:58.879+0000 INFO [o.n.k.i.DiagnosticsManager]  [classpath + loader.0] file:/C:/Users/UO251005/Downloads/neo4j-community-3.2.5-windows/neo4j-community-3.2.5/lib/neo4j-resource-3.2.5.jar
2017-09-26 09:25:58.879+0000 INFO [o.n.k.i.DiagnosticsManager]  [classpath + loader.0] file:/C:/Users/UO251005/Downloads/neo4j-community-3.2.5-windows/neo4j-community-3.2.5/lib/parboiled-core-1.1.7.jar
2017-09-26 09:25:58.879+0000 INFO [o.n.k.i.DiagnosticsManager]  [classpath + loader.0] file:/C:/Users/UO251005/Downloads/neo4j-community-3.2.5-windows/neo4j-community-3.2.5/lib/rhino-1.7R4.jar
2017-09-26 09:25:58.879+0000 INFO [o.n.k.i.DiagnosticsManager]  [loader.1] file:/C:/ProgramData/Java/jdk1.8.0_131/jre/lib/ext/sunec.jar
2017-09-26 09:25:58.879+0000 INFO [o.n.k.i.DiagnosticsManager]  [classpath + loader.0] file:/C:/Users/UO251005/Downloads/neo4j-community-3.2.5-windows/neo4j-community-3.2.5/lib/jetty-xml-9.2.9.v20150224.jar
2017-09-26 09:25:58.879+0000 INFO [o.n.k.i.DiagnosticsManager]  [bootstrap] C:\ProgramData\Java\jdk1.8.0_131\jre\lib\sunrsasign.jar
2017-09-26 09:25:58.879+0000 INFO [o.n.k.i.DiagnosticsManager]  [classpath + loader.0] file:/C:/Users/UO251005/Downloads/neo4j-community-3.2.5-windows/neo4j-community-3.2.5/lib/neo4j-kernel-3.2.5.jar
2017-09-26 09:25:58.879+0000 INFO [o.n.k.i.DiagnosticsManager]  [classpath + loader.0] file:/C:/Users/UO251005/Downloads/neo4j-community-3.2.5-windows/neo4j-community-3.2.5/lib/jsr311-api-1.1.2.r612.jar
2017-09-26 09:25:58.879+0000 INFO [o.n.k.i.DiagnosticsManager]  [classpath + loader.0] file:/C:/Users/UO251005/Downloads/neo4j-community-3.2.5-windows/neo4j-community-3.2.5/lib/neo4j-cypher-compiler-3.2-3.2.5.jar
2017-09-26 09:25:58.879+0000 INFO [o.n.k.i.DiagnosticsManager]  [loader.1] file:/C:/ProgramData/Java/jdk1.8.0_131/jre/lib/ext/zipfs.jar
2017-09-26 09:25:58.879+0000 INFO [o.n.k.i.DiagnosticsManager]  [bootstrap] C:\ProgramData\Java\jdk1.8.0_131\jre\classes
2017-09-26 09:25:58.879+0000 INFO [o.n.k.i.DiagnosticsManager]  [classpath + loader.0] file:/C:/Users/UO251005/Downloads/neo4j-community-3.2.5-windows/neo4j-community-3.2.5/lib/neo4j-codegen-3.2.5.jar
2017-09-26 09:25:58.879+0000 INFO [o.n.k.i.DiagnosticsManager]  [bootstrap] C:\ProgramData\Java\jdk1.8.0_131\jre\lib\jce.jar
2017-09-26 09:25:58.879+0000 INFO [o.n.k.i.DiagnosticsManager]  [loader.1] file:/C:/ProgramData/Java/jdk1.8.0_131/jre/lib/ext/nashorn.jar
2017-09-26 09:25:58.879+0000 INFO [o.n.k.i.DiagnosticsManager]  [classpath + loader.0] file:/C:/Users/UO251005/Downloads/neo4j-community-3.2.5-windows/neo4j-community-3.2.5/lib/caffeine-2.3.3.jar
2017-09-26 09:25:58.879+0000 INFO [o.n.k.i.DiagnosticsManager]  [classpath + loader.0] file:/C:/Users/UO251005/Downloads/neo4j-community-3.2.5-windows/neo4j-community-3.2.5/lib/jackson-mapper-asl-1.9.13.jar
2017-09-26 09:25:58.879+0000 INFO [o.n.k.i.DiagnosticsManager]  [classpath + loader.0] file:/C:/Users/UO251005/Downloads/neo4j-community-3.2.5-windows/neo4j-community-3.2.5/lib/neo4j-bolt-3.2.5.jar
2017-09-26 09:25:58.879+0000 INFO [o.n.k.i.DiagnosticsManager]  [classpath + loader.0] file:/C:/Users/UO251005/Downloads/neo4j-community-3.2.5-windows/neo4j-community-3.2.5/lib/scala-library-2.11.8.jar
2017-09-26 09:25:58.879+0000 INFO [o.n.k.i.DiagnosticsManager]  [classpath + loader.0] file:/C:/Users/UO251005/Downloads/neo4j-community-3.2.5-windows/neo4j-community-3.2.5/lib/neo4j-primitive-collections-3.2.5.jar
2017-09-26 09:25:58.879+0000 INFO [o.n.k.i.DiagnosticsManager]  [classpath + loader.0] file:/C:/Users/UO251005/Downloads/neo4j-community-3.2.5-windows/neo4j-community-3.2.5/lib/bcpkix-jdk15on-1.53.jar
2017-09-26 09:25:58.879+0000 INFO [o.n.k.i.DiagnosticsManager]  [classpath + loader.0] file:/C:/Users/UO251005/Downloads/neo4j-community-3.2.5-windows/neo4j-community-3.2.5/lib/jetty-server-9.2.9.v20150224.jar
2017-09-26 09:25:58.879+0000 INFO [o.n.k.i.DiagnosticsManager]  [classpath + loader.0] file:/C:/Users/UO251005/Downloads/neo4j-community-3.2.5-windows/neo4j-community-3.2.5/lib/netty-all-4.1.15.Final.jar
2017-09-26 09:25:58.879+0000 INFO [o.n.k.i.DiagnosticsManager]  [bootstrap] C:\ProgramData\Java\jdk1.8.0_131\jre\lib\jsse.jar
2017-09-26 09:25:58.879+0000 INFO [o.n.k.i.DiagnosticsManager]  [classpath + loader.0] file:/C:/Users/UO251005/Downloads/neo4j-community-3.2.5-windows/neo4j-community-3.2.5/plugins/*
2017-09-26 09:25:58.879+0000 INFO [o.n.k.i.DiagnosticsManager]  [classpath + loader.0] file:/C:/Users/UO251005/Downloads/neo4j-community-3.2.5-windows/neo4j-community-3.2.5/lib/neo4j-lucene-upgrade-3.2.5.jar
2017-09-26 09:25:58.879+0000 INFO [o.n.k.i.DiagnosticsManager]  [classpath + loader.0] file:/C:/Users/UO251005/Downloads/neo4j-community-3.2.5-windows/neo4j-community-3.2.5/lib/lucene-analyzers-common-5.5.0.jar
2017-09-26 09:25:58.879+0000 INFO [o.n.k.i.DiagnosticsManager]  [classpath + loader.0] file:/C:/Users/UO251005/Downloads/neo4j-community-3.2.5-windows/neo4j-community-3.2.5/lib/commons-compress-1.12.jar
2017-09-26 09:25:58.879+0000 INFO [o.n.k.i.DiagnosticsManager]  [classpath + loader.0] file:/C:/Users/UO251005/Downloads/neo4j-community-3.2.5-windows/neo4j-community-3.2.5/lib/neo4j-jmx-3.2.5.jar
2017-09-26 09:25:58.879+0000 INFO [o.n.k.i.DiagnosticsManager]  [classpath + loader.0] file:/C:/Users/UO251005/Downloads/neo4j-community-3.2.5-windows/neo4j-community-3.2.5/lib/lucene-core-5.5.0.jar
2017-09-26 09:25:58.879+0000 INFO [o.n.k.i.DiagnosticsManager]  [classpath + loader.0] file:/C:/Users/UO251005/Downloads/neo4j-community-3.2.5-windows/neo4j-community-3.2.5/lib/jackson-core-asl-1.9.13.jar
2017-09-26 09:25:58.879+0000 INFO [o.n.k.i.DiagnosticsManager]  [classpath + loader.0] file:/C:/Users/UO251005/Downloads/neo4j-community-3.2.5-windows/neo4j-community-3.2.5/lib/jersey-server-1.19.jar
2017-09-26 09:25:58.879+0000 INFO [o.n.k.i.DiagnosticsManager]  [classpath + loader.0] file:/C:/Users/UO251005/Downloads/neo4j-community-3.2.5-windows/neo4j-community-3.2.5/lib/neo4j-cypher-compiler-3.1-3.1.6.jar
2017-09-26 09:25:58.879+0000 INFO [o.n.k.i.DiagnosticsManager]  [classpath + loader.0] file:/C:/Users/UO251005/Downloads/neo4j-community-3.2.5-windows/neo4j-community-3.2.5/lib/neo4j-csv-3.2.5.jar
2017-09-26 09:25:58.879+0000 INFO [o.n.k.i.DiagnosticsManager]  [classpath + loader.0] file:/C:/Users/UO251005/Downloads/neo4j-community-3.2.5-windows/neo4j-community-3.2.5/lib/server-api-3.2.5.jar
2017-09-26 09:25:58.879+0000 INFO [o.n.k.i.DiagnosticsManager]  [classpath + loader.0] file:/C:/Users/UO251005/Downloads/neo4j-community-3.2.5-windows/neo4j-community-3.2.5/lib/neo4j-configuration-3.2.5.jar
2017-09-26 09:25:58.879+0000 INFO [o.n.k.i.DiagnosticsManager]  [classpath + loader.0] file:/C:/Users/UO251005/Downloads/neo4j-community-3.2.5-windows/neo4j-community-3.2.5/lib/neo4j-cypher-compiler-2.3-2.3.11.jar
2017-09-26 09:25:58.879+0000 INFO [o.n.k.i.DiagnosticsManager]  [classpath + loader.0] file:/C:/Users/UO251005/Downloads/neo4j-community-3.2.5-windows/neo4j-community-3.2.5/lib/javax.servlet-api-3.1.0.jar
2017-09-26 09:25:58.879+0000 INFO [o.n.k.i.DiagnosticsManager]  [classpath + loader.0] file:/C:/Users/UO251005/Downloads/neo4j-community-3.2.5-windows/neo4j-community-3.2.5/lib/neo4j-browser-3.0.8.jar
2017-09-26 09:25:58.879+0000 INFO [o.n.k.i.DiagnosticsManager]  [classpath + loader.0] file:/C:/Users/UO251005/Downloads/neo4j-community-3.2.5-windows/neo4j-community-3.2.5/lib/jetty-webapp-9.2.9.v20150224.jar
2017-09-26 09:25:58.879+0000 INFO [o.n.k.i.DiagnosticsManager]  [classpath + loader.0] file:/C:/Users/UO251005/Downloads/neo4j-community-3.2.5-windows/neo4j-community-3.2.5/lib/jline-2.12.jar
2017-09-26 09:25:58.879+0000 INFO [o.n.k.i.DiagnosticsManager]  [classpath + loader.0] file:/C:/Users/UO251005/Downloads/neo4j-community-3.2.5-windows/neo4j-community-3.2.5/lib/neo4j-shell-3.2.5.jar
2017-09-26 09:25:58.879+0000 INFO [o.n.k.i.DiagnosticsManager]  [classpath + loader.0] file:/C:/Users/UO251005/Downloads/neo4j-community-3.2.5-windows/neo4j-community-3.2.5/lib/neo4j-lucene-index-3.2.5.jar
2017-09-26 09:25:58.879+0000 INFO [o.n.k.i.DiagnosticsManager]  [classpath + loader.0] file:/C:/Users/UO251005/Downloads/neo4j-community-3.2.5-windows/neo4j-community-3.2.5/lib/commons-logging-1.1.1.jar
2017-09-26 09:25:58.879+0000 INFO [o.n.k.i.DiagnosticsManager]  [bootstrap] C:\ProgramData\Java\jdk1.8.0_131\jre\lib\rt.jar
2017-09-26 09:25:58.879+0000 INFO [o.n.k.i.DiagnosticsManager]  [loader.1] file:/C:/ProgramData/Java/jdk1.8.0_131/jre/lib/ext/localedata.jar
2017-09-26 09:25:58.879+0000 INFO [o.n.k.i.DiagnosticsManager]  [loader.1] file:/C:/ProgramData/Java/jdk1.8.0_131/jre/lib/ext/dnsns.jar
2017-09-26 09:25:58.879+0000 INFO [o.n.k.i.DiagnosticsManager]  [classpath + loader.0] file:/C:/Users/UO251005/Downloads/neo4j-community-3.2.5-windows/neo4j-community-3.2.5/lib/neo4j-collections-3.2.5.jar
2017-09-26 09:25:58.879+0000 INFO [o.n.k.i.DiagnosticsManager]  [classpath + loader.0] file:/C:/Users/UO251005/Downloads/neo4j-community-3.2.5-windows/neo4j-community-3.2.5/lib/neo4j-udc-3.2.5.jar
2017-09-26 09:25:58.879+0000 INFO [o.n.k.i.DiagnosticsManager]  [classpath + loader.0] file:/C:/Users/UO251005/Downloads/neo4j-community-3.2.5-windows/neo4j-community-3.2.5/lib/neo4j-cypher-frontend-3.1-3.1.6.jar
2017-09-26 09:25:58.879+0000 INFO [o.n.k.i.DiagnosticsManager]  [classpath + loader.0] file:/C:/Users/UO251005/Downloads/neo4j-community-3.2.5-windows/neo4j-community-3.2.5/lib/commons-lang-2.6.jar
2017-09-26 09:25:58.879+0000 INFO [o.n.k.i.DiagnosticsManager]  [classpath + loader.0] file:/C:/Users/UO251005/Downloads/neo4j-community-3.2.5-windows/neo4j-community-3.2.5/lib/commons-configuration-1.10.jar
2017-09-26 09:25:58.879+0000 INFO [o.n.k.i.DiagnosticsManager]  [classpath + loader.0] file:/C:/Users/UO251005/Downloads/neo4j-community-3.2.5-windows/neo4j-community-3.2.5/lib/concurrentlinkedhashmap-lru-1.4.2.jar
2017-09-26 09:25:58.879+0000 INFO [o.n.k.i.DiagnosticsManager]  [classpath + loader.0] file:/C:/Users/UO251005/Downloads/neo4j-community-3.2.5-windows/neo4j-community-3.2.5/lib/neo4j-graph-matching-3.1.3.jar
2017-09-26 09:25:58.879+0000 INFO [o.n.k.i.DiagnosticsManager]  [classpath + loader.0] file:/C:/Users/UO251005/Downloads/neo4j-community-3.2.5-windows/neo4j-community-3.2.5/lib/jetty-io-9.2.9.v20150224.jar
2017-09-26 09:25:58.879+0000 INFO [o.n.k.i.DiagnosticsManager]  [classpath + loader.0] file:/C:/Users/UO251005/Downloads/neo4j-community-3.2.5-windows/neo4j-community-3.2.5/lib/neo4j-security-3.2.5.jar
2017-09-26 09:25:58.879+0000 INFO [o.n.k.i.DiagnosticsManager]  [classpath + loader.0] file:/C:/Users/UO251005/Downloads/neo4j-community-3.2.5-windows/neo4j-community-3.2.5/lib/neo4j-ssl-3.2.5.jar
2017-09-26 09:25:58.879+0000 INFO [o.n.k.i.DiagnosticsManager]  [classpath + loader.0] file:/C:/Users/UO251005/Downloads/neo4j-community-3.2.5-windows/neo4j-community-3.2.5/lib/neo4j-server-3.2.5.jar
2017-09-26 09:25:58.879+0000 INFO [o.n.k.i.DiagnosticsManager]  [bootstrap] C:\ProgramData\Java\jdk1.8.0_131\jre\lib\resources.jar
2017-09-26 09:25:58.879+0000 INFO [o.n.k.i.DiagnosticsManager]  [loader.1] file:/C:/ProgramData/Java/jdk1.8.0_131/jre/lib/ext/access-bridge-64.jar
2017-09-26 09:25:58.879+0000 INFO [o.n.k.i.DiagnosticsManager]  [classpath + loader.0] file:/C:/Users/UO251005/Downloads/neo4j-community-3.2.5-windows/neo4j-community-3.2.5/lib/neo4j-common-3.2.5.jar
2017-09-26 09:25:58.879+0000 INFO [o.n.k.i.DiagnosticsManager]  [classpath + loader.0] file:/C:/Users/UO251005/Downloads/neo4j-community-3.2.5-windows/neo4j-community-3.2.5/lib/opencsv-2.3.jar
2017-09-26 09:25:58.879+0000 INFO [o.n.k.i.DiagnosticsManager]  [classpath + loader.0] file:/C:/Users/UO251005/Downloads/neo4j-community-3.2.5-windows/neo4j-community-3.2.5/lib/jetty-util-9.2.9.v20150224.jar
2017-09-26 09:25:58.879+0000 INFO [o.n.k.i.DiagnosticsManager]  [loader.1] file:/C:/ProgramData/Java/jdk1.8.0_131/jre/lib/ext/jaccess.jar
2017-09-26 09:25:58.879+0000 INFO [o.n.k.i.DiagnosticsManager]  [classpath + loader.0] file:/C:/Users/UO251005/Downloads/neo4j-community-3.2.5-windows/neo4j-community-3.2.5/lib/commons-io-2.4.jar
2017-09-26 09:25:58.879+0000 INFO [o.n.k.i.DiagnosticsManager]  [classpath + loader.0] file:/C:/Users/UO251005/Downloads/neo4j-community-3.2.5-windows/neo4j-community-3.2.5/lib/scala-reflect-2.11.8.jar
2017-09-26 09:25:58.879+0000 INFO [o.n.k.i.DiagnosticsManager]  [loader.1] file:/C:/ProgramData/Java/jdk1.8.0_131/jre/lib/ext/jfxrt.jar
2017-09-26 09:25:58.879+0000 INFO [o.n.k.i.DiagnosticsManager]  [classpath + loader.0] file:/C:/Users/UO251005/Downloads/neo4j-community-3.2.5-windows/neo4j-community-3.2.5/lib/jetty-security-9.2.9.v20150224.jar
2017-09-26 09:25:58.879+0000 INFO [o.n.k.i.DiagnosticsManager]  [classpath + loader.0] file:/C:/Users/UO251005/Downloads/neo4j-community-3.2.5-windows/neo4j-community-3.2.5/lib/jackson-jaxrs-1.9.13.jar
2017-09-26 09:25:58.879+0000 INFO [o.n.k.i.DiagnosticsManager]  [bootstrap] C:\ProgramData\Java\jdk1.8.0_131\jre\lib\jfr.jar
2017-09-26 09:25:58.879+0000 INFO [o.n.k.i.DiagnosticsManager]  [classpath + loader.0] file:/C:/Users/UO251005/Downloads/neo4j-community-3.2.5-windows/neo4j-community-3.2.5/lib/neo4j-cypher-frontend-3.2-3.2.5.jar
2017-09-26 09:25:58.879+0000 INFO [o.n.k.i.DiagnosticsManager]  [classpath + loader.0] file:/C:/Users/UO251005/Downloads/neo4j-community-3.2.5-windows/neo4j-community-3.2.5/lib/asm-5.2.jar
2017-09-26 09:25:58.879+0000 INFO [o.n.k.i.DiagnosticsManager]  [classpath + loader.0] file:/C:/Users/UO251005/Downloads/neo4j-community-3.2.5-windows/neo4j-community-3.2.5/lib/jetty-http-9.2.9.v20150224.jar
2017-09-26 09:25:58.879+0000 INFO [o.n.k.i.DiagnosticsManager]  [classpath + loader.0] file:/C:/Users/UO251005/Downloads/neo4j-community-3.2.5-windows/neo4j-community-3.2.5/lib/neo4j-import-tool-3.2.5.jar
2017-09-26 09:25:58.879+0000 INFO [o.n.k.i.DiagnosticsManager]  [classpath + loader.0] file:/C:/Users/UO251005/Downloads/neo4j-community-3.2.5-windows/neo4j-community-3.2.5/lib/lucene-codecs-5.5.0.jar
2017-09-26 09:25:58.879+0000 INFO [o.n.k.i.DiagnosticsManager]  [classpath + loader.0] file:/C:/Users/UO251005/Downloads/neo4j-community-3.2.5-windows/neo4j-community-3.2.5/lib/neo4j-unsafe-3.2.5.jar
2017-09-26 09:25:58.879+0000 INFO [o.n.k.i.DiagnosticsManager]  [classpath + loader.0] file:/C:/Users/UO251005/Downloads/neo4j-community-3.2.5-windows/neo4j-community-3.2.5/lib/neo4j-consistency-check-3.2.5.jar
2017-09-26 09:25:58.879+0000 INFO [o.n.k.i.DiagnosticsManager]  [classpath + loader.0] file:/C:/Users/UO251005/Downloads/neo4j-community-3.2.5-windows/neo4j-community-3.2.5/lib/neo4j-cypher-frontend-2.3-2.3.11.jar
2017-09-26 09:25:58.879+0000 INFO [o.n.k.i.DiagnosticsManager]  [classpath + loader.0] file:/C:/Users/UO251005/Downloads/neo4j-community-3.2.5-windows/neo4j-community-3.2.5/lib/neo4j-graphdb-api-3.2.5.jar
2017-09-26 09:25:58.894+0000 INFO [o.n.k.i.DiagnosticsManager]  [classpath + loader.0] file:/C:/Users/UO251005/Downloads/neo4j-community-3.2.5-windows/neo4j-community-3.2.5/lib/parboiled-scala_2.11-1.1.7.jar
2017-09-26 09:25:58.894+0000 INFO [o.n.k.i.DiagnosticsManager]  [classpath + loader.0] file:/C:/Users/UO251005/Downloads/neo4j-community-3.2.5-windows/neo4j-community-3.2.5/lib/mimepull-1.9.3.jar
2017-09-26 09:25:58.894+0000 INFO [o.n.k.i.DiagnosticsManager]  [classpath + loader.0] file:/C:/Users/UO251005/Downloads/neo4j-community-3.2.5-windows/neo4j-community-3.2.5/lib/neo4j-cypher-3.2.5.jar
2017-09-26 09:25:58.894+0000 INFO [o.n.k.i.DiagnosticsManager]  [classpath + loader.0] file:/C:/Users/UO251005/Downloads/neo4j-community-3.2.5-windows/neo4j-community-3.2.5/lib/neo4j-io-3.2.5.jar
2017-09-26 09:25:58.894+0000 INFO [o.n.k.i.DiagnosticsManager]  [loader.1] file:/C:/ProgramData/Java/jdk1.8.0_131/jre/lib/ext/sunpkcs11.jar
2017-09-26 09:25:58.894+0000 INFO [o.n.k.i.DiagnosticsManager]  [classpath + loader.0] file:/C:/Users/UO251005/Downloads/neo4j-community-3.2.5-windows/neo4j-community-3.2.5/lib/neo4j-graph-algo-3.2.5.jar
2017-09-26 09:25:58.894+0000 INFO [o.n.k.i.DiagnosticsManager]  [classpath + loader.0] file:/C:/Users/UO251005/Downloads/neo4j-community-3.2.5-windows/neo4j-community-3.2.5/lib/neo4j-dbms-3.2.5.jar
2017-09-26 09:25:58.894+0000 INFO [o.n.k.i.DiagnosticsManager]  [classpath + loader.0] file:/C:/Users/UO251005/Downloads/neo4j-community-3.2.5-windows/neo4j-community-3.2.5/lib/bcprov-jdk15on-1.53.jar
2017-09-26 09:25:58.894+0000 INFO [o.n.k.i.DiagnosticsManager]  [classpath + loader.0] file:/C:/Users/UO251005/Downloads/neo4j-community-3.2.5-windows/neo4j-community-3.2.5/lib/neo4j-logging-3.2.5.jar
2017-09-26 09:25:58.894+0000 INFO [o.n.k.i.DiagnosticsManager]  [classpath + loader.0] file:/C:/Users/UO251005/Downloads/neo4j-community-3.2.5-windows/neo4j-community-3.2.5/lib/neo4j-command-line-3.2.5.jar
2017-09-26 09:25:58.894+0000 INFO [o.n.k.i.DiagnosticsManager]  [classpath + loader.0] file:/C:/Users/UO251005/Downloads/neo4j-community-3.2.5-windows/neo4j-community-3.2.5/lib/jersey-servlet-1.19.jar
2017-09-26 09:25:58.894+0000 INFO [o.n.k.i.DiagnosticsManager]  [loader.1] file:/C:/ProgramData/Java/jdk1.8.0_131/jre/lib/ext/cldrdata.jar
2017-09-26 09:25:58.894+0000 INFO [o.n.k.i.DiagnosticsManager]  [classpath + loader.0] file:/C:/Users/UO251005/Downloads/neo4j-community-3.2.5-windows/neo4j-community-3.2.5/lib/jetty-servlet-9.2.9.v20150224.jar
2017-09-26 09:25:58.894+0000 INFO [o.n.k.i.DiagnosticsManager]  [classpath + loader.0] file:/C:/Users/UO251005/Downloads/neo4j-community-3.2.5-windows/neo4j-community-3.2.5/lib/jersey-core-1.19.jar
2017-09-26 09:25:58.894+0000 INFO [o.n.k.i.DiagnosticsManager]  [loader.1] file:/C:/ProgramData/Java/jdk1.8.0_131/jre/lib/ext/sunmscapi.jar
2017-09-26 09:25:58.894+0000 INFO [o.n.k.i.DiagnosticsManager] Library path:
2017-09-26 09:25:58.894+0000 INFO [o.n.k.i.DiagnosticsManager] C:\ProgramData\Java\jdk1.8.0_131\jre\bin
2017-09-26 09:25:58.894+0000 INFO [o.n.k.i.DiagnosticsManager] C:\Windows\Sun\Java\bin
2017-09-26 09:25:58.894+0000 INFO [o.n.k.i.DiagnosticsManager] C:\Windows\System32
2017-09-26 09:25:58.894+0000 INFO [o.n.k.i.DiagnosticsManager] C:\Windows
2017-09-26 09:25:58.894+0000 INFO [o.n.k.i.DiagnosticsManager] C:\ProgramData\Oracle\Java\javapath
2017-09-26 09:25:58.894+0000 INFO [o.n.k.i.DiagnosticsManager] C:\Windows\System32
2017-09-26 09:25:58.894+0000 INFO [o.n.k.i.DiagnosticsManager] C:\Windows
2017-09-26 09:25:58.894+0000 INFO [o.n.k.i.DiagnosticsManager] C:\Windows\System32\wbem
2017-09-26 09:25:58.894+0000 INFO [o.n.k.i.DiagnosticsManager] C:\Windows\System32\WindowsPowerShell\v1.0
2017-09-26 09:25:58.894+0000 INFO [o.n.k.i.DiagnosticsManager] C:\ProgramData\Bitvise SSH Client
2017-09-26 09:25:58.894+0000 INFO [o.n.k.i.DiagnosticsManager] C:\ProgramData\Brackets\command
2017-09-26 09:25:58.894+0000 INFO [o.n.k.i.DiagnosticsManager] C:\ProgramData\Anaconda2
2017-09-26 09:25:58.894+0000 INFO [o.n.k.i.DiagnosticsManager] C:\ProgramData\Anaconda2\Scripts
2017-09-26 09:25:58.894+0000 INFO [o.n.k.i.DiagnosticsManager] C:\ProgramData\Anaconda2\Library\bin
2017-09-26 09:25:58.910+0000 INFO [o.n.k.i.DiagnosticsManager] C:\ProgramData\MATLAB\R2015b\runtime\win64
2017-09-26 09:25:58.910+0000 INFO [o.n.k.i.DiagnosticsManager] C:\ProgramData\MATLAB\R2015b\bin
2017-09-26 09:25:58.910+0000 INFO [o.n.k.i.DiagnosticsManager] C:\ProgramData\PuTTY
2017-09-26 09:25:58.910+0000 INFO [o.n.k.i.DiagnosticsManager] C:\ProgramData\Git\cmd
2017-09-26 09:25:58.910+0000 INFO [o.n.k.i.DiagnosticsManager] C:\Program Files (x86)\Windows Live\Shared
2017-09-26 09:25:58.910+0000 INFO [o.n.k.i.DiagnosticsManager] C:\ProgramData\Java\jdk1.8.0_131
2017-09-26 09:25:58.910+0000 INFO [o.n.k.i.DiagnosticsManager] C:\ProgramData\apache-maven-3.5.0\bin
2017-09-26 09:25:58.910+0000 INFO [o.n.k.i.DiagnosticsManager] C:\ProgramData\nodejs
2017-09-26 09:25:58.910+0000 INFO [o.n.k.i.DiagnosticsManager] C:\Users\UO251005\AppData\Local\Microsoft\WindowsApps
2017-09-26 09:25:58.910+0000 INFO [o.n.k.i.DiagnosticsManager] C:\Users\Administrator\AppData\Roaming\npm
2017-09-26 09:25:58.910+0000 INFO [o.n.k.i.DiagnosticsManager] C:\Users\UO251005\Downloads\neo4j-community-3.2.5-windows\neo4j-community-3.2.5
2017-09-26 09:25:58.910+0000 INFO [o.n.k.i.DiagnosticsManager] System.properties:
2017-09-26 09:25:58.910+0000 INFO [o.n.k.i.DiagnosticsManager] sun.boot.library.path = C:\ProgramData\Java\jdk1.8.0_131\jre\bin
2017-09-26 09:25:58.910+0000 INFO [o.n.k.i.DiagnosticsManager] user.country.format = ES
2017-09-26 09:25:58.910+0000 INFO [o.n.k.i.DiagnosticsManager] path.separator = ;
2017-09-26 09:25:58.910+0000 INFO [o.n.k.i.DiagnosticsManager] file.encoding.pkg = sun.io
2017-09-26 09:25:58.910+0000 INFO [o.n.k.i.DiagnosticsManager] user.country = US
2017-09-26 09:25:58.910+0000 INFO [o.n.k.i.DiagnosticsManager] user.script = 
2017-09-26 09:25:58.910+0000 INFO [o.n.k.i.DiagnosticsManager] sun.java.launcher = SUN_STANDARD
2017-09-26 09:25:58.910+0000 INFO [o.n.k.i.DiagnosticsManager] sun.os.patch.level = 
2017-09-26 09:25:58.910+0000 INFO [o.n.k.i.DiagnosticsManager] user.dir = C:\Users\UO251005\Downloads\neo4j-community-3.2.5-windows\neo4j-community-3.2.5
2017-09-26 09:25:58.910+0000 INFO [o.n.k.i.DiagnosticsManager] neo4j.ext.udc.source = zip-powershell
2017-09-26 09:25:58.910+0000 INFO [o.n.k.i.DiagnosticsManager] user.variant = 
2017-09-26 09:25:58.910+0000 INFO [o.n.k.i.DiagnosticsManager] log4j.configuration = file:conf/log4j.properties
2017-09-26 09:25:58.910+0000 INFO [o.n.k.i.DiagnosticsManager] sun.jnu.encoding = Cp1252
2017-09-26 09:25:58.910+0000 INFO [o.n.k.i.DiagnosticsManager] unsupported.dbms.udc.source = zip
2017-09-26 09:25:58.910+0000 INFO [o.n.k.i.DiagnosticsManager] sun.management.compiler = HotSpot 64-Bit Tiered Compilers
2017-09-26 09:25:58.910+0000 INFO [o.n.k.i.DiagnosticsManager] user.home = C:\Users\UO251005
2017-09-26 09:25:58.910+0000 INFO [o.n.k.i.DiagnosticsManager] user.timezone = Europe/Paris
2017-09-26 09:25:58.910+0000 INFO [o.n.k.i.DiagnosticsManager] file.encoding = UTF-8
2017-09-26 09:25:58.910+0000 INFO [o.n.k.i.DiagnosticsManager] user.name = UO251005
2017-09-26 09:25:58.910+0000 INFO [o.n.k.i.DiagnosticsManager] org.neo4j.cluster.logdirectory = data/log
2017-09-26 09:25:58.910+0000 INFO [o.n.k.i.DiagnosticsManager] sun.java.command = org.neo4j.server.CommunityEntryPoint --config-dir=C:\Users\UO251005\Downloads\neo4j-community-3.2.5-windows\neo4j-community-3.2.5\conf --home-dir=C:\Users\UO251005\Downloads\neo4j-community-3.2.5-windows\neo4j-community-3.2.5
2017-09-26 09:25:58.910+0000 INFO [o.n.k.i.DiagnosticsManager] sun.arch.data.model = 64
2017-09-26 09:25:58.910+0000 INFO [o.n.k.i.DiagnosticsManager] user.language = en
2017-09-26 09:25:58.910+0000 INFO [o.n.k.i.DiagnosticsManager] user.language.format = es
2017-09-26 09:25:58.910+0000 INFO [o.n.k.i.DiagnosticsManager] awt.toolkit = sun.awt.windows.WToolkit
2017-09-26 09:25:58.910+0000 INFO [o.n.k.i.DiagnosticsManager] sun.stderr.encoding = cp850
2017-09-26 09:25:58.910+0000 INFO [o.n.k.i.DiagnosticsManager] jdk.tls.ephemeralDHKeySize = 2048
2017-09-26 09:25:58.910+0000 INFO [o.n.k.i.DiagnosticsManager] file.separator = \
2017-09-26 09:25:58.910+0000 INFO [o.n.k.i.DiagnosticsManager] sun.io.unicode.encoding = UnicodeLittle
2017-09-26 09:25:58.910+0000 INFO [o.n.k.i.DiagnosticsManager] sun.cpu.endian = little
2017-09-26 09:25:58.910+0000 INFO [o.n.k.i.DiagnosticsManager] sun.stdout.encoding = cp850
2017-09-26 09:25:58.910+0000 INFO [o.n.k.i.DiagnosticsManager] sun.desktop = windows
2017-09-26 09:25:58.910+0000 INFO [o.n.k.i.DiagnosticsManager] sun.cpu.isalist = amd64
2017-09-26 09:25:58.910+0000 INFO [o.n.k.i.DiagnosticsManager] Network information:
2017-09-26 09:25:58.941+0000 INFO [o.n.k.i.DiagnosticsManager] Interface Software Loopback Interface 1:
2017-09-26 09:25:58.957+0000 INFO [o.n.k.i.DiagnosticsManager]     address: 127.0.0.1
2017-09-26 09:25:58.957+0000 INFO [o.n.k.i.DiagnosticsManager]     address: 0:0:0:0:0:0:0:1
2017-09-26 09:25:58.957+0000 INFO [o.n.k.i.DiagnosticsManager] Interface VirtualBox Host-Only Ethernet Adapter:
2017-09-26 09:25:58.957+0000 INFO [o.n.k.i.DiagnosticsManager]     address: 192.168.56.1
2017-09-26 09:25:58.957+0000 INFO [o.n.k.i.DiagnosticsManager]     address: fe80:0:0:0:c85c:d0bd:d927:fd42%eth0
2017-09-26 09:25:58.957+0000 INFO [o.n.k.i.DiagnosticsManager] Interface Realtek PCIe GBE Family Controller:
2017-09-26 09:25:58.957+0000 INFO [o.n.k.i.DiagnosticsManager]     address: 192.168.62.117
2017-09-26 09:25:58.957+0000 INFO [o.n.k.i.DiagnosticsManager]     address: fe80:0:0:0:89b2:1aaa:a7c9:9e7e%eth1
2017-09-26 09:25:58.957+0000 INFO [o.n.k.i.DiagnosticsManager] Interface Microsoft Kernel Debug Network Adapter:
2017-09-26 09:25:58.957+0000 INFO [o.n.k.i.DiagnosticsManager] Interface VirtualBox Host-Only Ethernet Adapter-WFP Native MAC Layer LightWeight Filter-0000:
2017-09-26 09:25:58.957+0000 INFO [o.n.k.i.DiagnosticsManager] Interface VirtualBox Host-Only Ethernet Adapter-VirtualBox NDIS Light-Weight Filter-0000:
2017-09-26 09:25:58.957+0000 INFO [o.n.k.i.DiagnosticsManager] Interface VirtualBox Host-Only Ethernet Adapter-QoS Packet Scheduler-0000:
2017-09-26 09:25:58.957+0000 INFO [o.n.k.i.DiagnosticsManager] Interface VirtualBox Host-Only Ethernet Adapter-WFP 802.3 MAC Layer LightWeight Filter-0000:
2017-09-26 09:25:58.957+0000 INFO [o.n.k.i.DiagnosticsManager] Interface Realtek PCIe GBE Family Controller-WFP Native MAC Layer LightWeight Filter-0000:
2017-09-26 09:25:58.972+0000 INFO [o.n.k.i.DiagnosticsManager] Interface Realtek PCIe GBE Family Controller-VirtualBox NDIS Light-Weight Filter-0000:
2017-09-26 09:25:58.972+0000 INFO [o.n.k.i.DiagnosticsManager] Interface Realtek PCIe GBE Family Controller-QoS Packet Scheduler-0000:
2017-09-26 09:25:58.972+0000 INFO [o.n.k.i.DiagnosticsManager] Interface Realtek PCIe GBE Family Controller-WFP 802.3 MAC Layer LightWeight Filter-0000:
2017-09-26 09:25:58.972+0000 INFO [o.n.k.i.DiagnosticsManager] --- INITIALIZED diagnostics END ---
2017-09-26 09:26:07.884+0000 INFO [o.n.b.v.r.WorkerFactory] Bolt Server extension loaded.
2017-09-26 09:26:07.884+0000 INFO [o.n.b.v.r.WorkerFactory] Bolt enabled on 127.0.0.1:7687.
2017-09-26 09:26:08.196+0000 INFO [o.n.k.i.s.f.RecordFormatSelector] Selected format 'RecordFormat:StandardV3_2[v0.A.8]' for the new store
2017-09-26 09:26:11.668+0000 INFO [o.n.k.i.a.i.IndexingService] IndexingService.init: indexes not specifically mentioned above are null
2017-09-26 09:26:11.683+0000 INFO [o.n.k.i.i.l.NativeLabelScanStore] No scan store found, this might just be first use. Preparing to rebuild.
2017-09-26 09:26:11.918+0000 INFO [o.n.k.NeoStoreDataSource] Opened logical log [C:\Users\UO251005\Downloads\neo4j-community-3.2.5-windows\neo4j-community-3.2.5\data\databases\graph.db\neostore.transaction.db.0] version=0, lastTxId=1 (clean)
2017-09-26 09:26:11.933+0000 INFO [o.n.k.NeoStoreDataSource] No commits found after last check point (which is at <no log position given>)
2017-09-26 09:26:11.949+0000 WARN [o.n.k.i.s.MetaDataStore] Missing counts store, rebuilding it.
2017-09-26 09:26:12.090+0000 WARN [o.n.k.i.s.MetaDataStore] Counts store rebuild completed.
2017-09-26 09:26:12.121+0000 INFO [o.n.k.i.a.i.IndexingService] IndexingService.start: indexes not specifically mentioned above are null
2017-09-26 09:26:12.137+0000 INFO [o.n.k.i.i.l.NativeLabelScanStore] Rebuilding scan store, this may take a while
2017-09-26 09:26:12.246+0000 INFO [o.n.k.i.i.l.NativeLabelScanStore] Scan store rebuilt (roughly 0 nodes)
2017-09-26 09:26:12.262+0000 INFO [o.n.k.i.DatabaseHealth] Database health set to OK
2017-09-26 09:26:13.043+0000 INFO [o.n.k.AvailabilityGuard] Fulfilling of requirement makes database available: Database available
2017-09-26 09:26:13.058+0000 INFO [o.n.k.i.f.GraphDatabaseFacadeFactory] Database is now ready
2017-09-26 09:26:13.074+0000 INFO [o.n.k.i.DiagnosticsManager] --- STARTED diagnostics for KernelDiagnostics:Versions START ---
2017-09-26 09:26:13.074+0000 INFO [o.n.k.i.DiagnosticsManager] Graph Database: community single StoreId{creationTime=1506417971371, randomId=6391594209705881655, storeVersion=15813456178476550, upgradeTime=1506417971371, upgradeId=1}
2017-09-26 09:26:13.074+0000 INFO [o.n.k.i.DiagnosticsManager] Kernel version: 3.2.5,4e50ec022d826b946e6f700292eff3db8a8839e9
2017-09-26 09:26:13.090+0000 INFO [o.n.k.i.DiagnosticsManager] --- STARTED diagnostics for KernelDiagnostics:Versions END ---
2017-09-26 09:26:13.090+0000 INFO [o.n.k.i.DiagnosticsManager] --- STARTED diagnostics for NEO_STORE_VERSIONS START ---
2017-09-26 09:26:13.105+0000 INFO [o.n.k.i.DiagnosticsManager] Store versions:
2017-09-26 09:26:13.105+0000 INFO [o.n.k.i.DiagnosticsManager] Store versions:
2017-09-26 09:26:13.105+0000 INFO [o.n.k.i.DiagnosticsManager]   ArrayPropertyStore v0.A.8
2017-09-26 09:26:13.121+0000 INFO [o.n.k.i.DiagnosticsManager]   NodeStore v0.A.8
2017-09-26 09:26:13.121+0000 INFO [o.n.k.i.DiagnosticsManager]   StringPropertyStore v0.A.8
2017-09-26 09:26:13.137+0000 INFO [o.n.k.i.DiagnosticsManager]   PropertyIndexStore v0.A.8
2017-09-26 09:26:13.137+0000 INFO [o.n.k.i.DiagnosticsManager]   StringPropertyStore v0.A.8
2017-09-26 09:26:13.152+0000 INFO [o.n.k.i.DiagnosticsManager]   ArrayPropertyStore v0.A.8
2017-09-26 09:26:13.152+0000 INFO [o.n.k.i.DiagnosticsManager]   PropertyStore v0.A.8
2017-09-26 09:26:13.168+0000 INFO [o.n.k.i.DiagnosticsManager]   RelationshipStore v0.A.8
2017-09-26 09:26:13.168+0000 INFO [o.n.k.i.DiagnosticsManager]   StringPropertyStore v0.A.8
2017-09-26 09:26:13.183+0000 INFO [o.n.k.i.DiagnosticsManager]   RelationshipTypeStore v0.A.8
2017-09-26 09:26:13.183+0000 INFO [o.n.k.i.DiagnosticsManager]   StringPropertyStore v0.A.8
2017-09-26 09:26:13.199+0000 INFO [o.n.k.i.DiagnosticsManager]   LabelTokenStore v0.A.8
2017-09-26 09:26:13.199+0000 INFO [o.n.k.i.DiagnosticsManager]   SchemaStore v0.A.8
2017-09-26 09:26:13.215+0000 INFO [o.n.k.i.DiagnosticsManager]   RelationshipGroupStore v0.A.8
2017-09-26 09:26:13.215+0000 INFO [o.n.k.i.DiagnosticsManager]   NeoStore v0.A.8
2017-09-26 09:26:13.230+0000 INFO [o.n.k.i.DiagnosticsManager] --- STARTED diagnostics for NEO_STORE_VERSIONS END ---
2017-09-26 09:26:13.230+0000 INFO [o.n.k.i.DiagnosticsManager] --- STARTED diagnostics for NEO_STORE_ID_USAGE START ---
2017-09-26 09:26:13.246+0000 INFO [o.n.k.i.DiagnosticsManager] Id usage:
2017-09-26 09:26:13.246+0000 INFO [o.n.k.i.DiagnosticsManager] Id usage:
2017-09-26 09:26:13.262+0000 INFO [o.n.k.i.DiagnosticsManager]   ArrayPropertyStore: used=1 high=0
2017-09-26 09:26:13.277+0000 INFO [o.n.k.i.DiagnosticsManager]   NodeStore: used=0 high=-1
2017-09-26 09:26:13.277+0000 INFO [o.n.k.i.DiagnosticsManager]   StringPropertyStore: used=1 high=0
2017-09-26 09:26:13.293+0000 INFO [o.n.k.i.DiagnosticsManager]   PropertyIndexStore: used=0 high=-1
2017-09-26 09:26:13.293+0000 INFO [o.n.k.i.DiagnosticsManager]   StringPropertyStore: used=1 high=0
2017-09-26 09:26:13.308+0000 INFO [o.n.k.i.DiagnosticsManager]   ArrayPropertyStore: used=1 high=0
2017-09-26 09:26:13.308+0000 INFO [o.n.k.i.DiagnosticsManager]   PropertyStore: used=0 high=-1
2017-09-26 09:26:13.324+0000 INFO [o.n.k.i.DiagnosticsManager]   RelationshipStore: used=0 high=-1
2017-09-26 09:26:13.324+0000 INFO [o.n.k.i.DiagnosticsManager]   StringPropertyStore: used=1 high=0
2017-09-26 09:26:13.340+0000 INFO [o.n.k.i.DiagnosticsManager]   RelationshipTypeStore: used=0 high=-1
2017-09-26 09:26:13.340+0000 INFO [o.n.k.i.DiagnosticsManager]   StringPropertyStore: used=1 high=0
2017-09-26 09:26:13.355+0000 INFO [o.n.k.i.DiagnosticsManager]   LabelTokenStore: used=0 high=-1
2017-09-26 09:26:13.355+0000 INFO [o.n.k.i.DiagnosticsManager]   SchemaStore: used=1 high=0
2017-09-26 09:26:13.355+0000 INFO [o.n.k.i.DiagnosticsManager]   RelationshipGroupStore: used=1 high=0
2017-09-26 09:26:13.371+0000 INFO [o.n.k.i.DiagnosticsManager]   NeoStore: used=0 high=-1
2017-09-26 09:26:13.371+0000 INFO [o.n.k.i.DiagnosticsManager] --- STARTED diagnostics for NEO_STORE_ID_USAGE END ---
2017-09-26 09:26:13.371+0000 INFO [o.n.k.i.DiagnosticsManager] --- STARTED diagnostics for NEO_STORE_RECORDS START ---
2017-09-26 09:26:13.387+0000 INFO [o.n.k.i.DiagnosticsManager] Neostore records:
2017-09-26 09:26:13.387+0000 INFO [o.n.k.i.DiagnosticsManager] TIME (Creation time): 1506417971371
2017-09-26 09:26:13.387+0000 INFO [o.n.k.i.DiagnosticsManager] RANDOM_NUMBER (Random number for store id): 6391594209705881655
2017-09-26 09:26:13.402+0000 INFO [o.n.k.i.DiagnosticsManager] LOG_VERSION (Current log version): 0
2017-09-26 09:26:13.402+0000 INFO [o.n.k.i.DiagnosticsManager] LAST_TRANSACTION_ID (Last committed transaction): 1
2017-09-26 09:26:13.402+0000 INFO [o.n.k.i.DiagnosticsManager] STORE_VERSION (Store format version): 15813456178476550
2017-09-26 09:26:13.402+0000 INFO [o.n.k.i.DiagnosticsManager] FIRST_GRAPH_PROPERTY (First property record containing graph properties): -1
2017-09-26 09:26:13.418+0000 INFO [o.n.k.i.DiagnosticsManager] LAST_CONSTRAINT_TRANSACTION (Last committed transaction containing constraint changes): 0
2017-09-26 09:26:13.418+0000 INFO [o.n.k.i.DiagnosticsManager] UPGRADE_TRANSACTION_ID (Transaction id most recent upgrade was performed at): 1
2017-09-26 09:26:13.418+0000 INFO [o.n.k.i.DiagnosticsManager] UPGRADE_TIME (Time of last upgrade): 1506417971371
2017-09-26 09:26:13.433+0000 INFO [o.n.k.i.DiagnosticsManager] LAST_TRANSACTION_CHECKSUM (Checksum of last committed transaction): 0
2017-09-26 09:26:13.433+0000 INFO [o.n.k.i.DiagnosticsManager] UPGRADE_TRANSACTION_CHECKSUM (Checksum of transaction id the most recent upgrade was performed at): 0
2017-09-26 09:26:13.433+0000 INFO [o.n.k.i.DiagnosticsManager] LAST_CLOSED_TRANSACTION_LOG_VERSION (Log version where the last transaction commit entry has been written into): 0
2017-09-26 09:26:13.449+0000 INFO [o.n.k.i.DiagnosticsManager] LAST_CLOSED_TRANSACTION_LOG_BYTE_OFFSET (Byte offset in the log file where the last transaction commit entry has been written into): 16
2017-09-26 09:26:13.449+0000 INFO [o.n.k.i.DiagnosticsManager] LAST_TRANSACTION_COMMIT_TIMESTAMP (Commit time timestamp for last committed transaction): 0
2017-09-26 09:26:13.449+0000 INFO [o.n.k.i.DiagnosticsManager] UPGRADE_TRANSACTION_COMMIT_TIMESTAMP (Commit timestamp of transaction the most recent upgrade was performed at): 0
2017-09-26 09:26:13.449+0000 INFO [o.n.k.i.DiagnosticsManager] --- STARTED diagnostics for NEO_STORE_RECORDS END ---
2017-09-26 09:26:13.465+0000 INFO [o.n.k.i.DiagnosticsManager] --- STARTED diagnostics for TRANSACTION_RANGE START ---
2017-09-26 09:26:13.465+0000 INFO [o.n.k.i.DiagnosticsManager] Transaction log:
2017-09-26 09:26:13.480+0000 INFO [o.n.k.i.DiagnosticsManager] No transactions found in any log
2017-09-26 09:26:13.480+0000 INFO [o.n.k.i.DiagnosticsManager] --- STARTED diagnostics for TRANSACTION_RANGE END ---
2017-09-26 09:26:13.480+0000 INFO [o.n.k.i.DiagnosticsManager] --- STARTED diagnostics for KernelDiagnostics:StoreFiles START ---
2017-09-26 09:26:13.496+0000 INFO [o.n.k.i.DiagnosticsManager] Disk space on partition (Total / Free / Free %): 249532772352 / 105188646912 / 42
Storage files: (filename : modification date - size)
2017-09-26 09:26:13.496+0000 INFO [o.n.k.i.DiagnosticsManager]   index:
2017-09-26 09:26:13.496+0000 INFO [o.n.k.i.DiagnosticsManager]   - Total: 2017-09-26T11:26:11+0200 - 0,00 B
2017-09-26 09:26:13.512+0000 INFO [o.n.k.i.DiagnosticsManager]   neostore: 2017-09-26T11:26:11+0200 - 8,00 kB
2017-09-26 09:26:13.512+0000 INFO [o.n.k.i.DiagnosticsManager]   neostore.counts.db.a: 2017-09-26T11:26:12+0200 - 96,00 B
2017-09-26 09:26:13.512+0000 INFO [o.n.k.i.DiagnosticsManager]   neostore.id: 2017-09-26T11:26:11+0200 - 9,00 B
2017-09-26 09:26:13.527+0000 INFO [o.n.k.i.DiagnosticsManager]   neostore.labelscanstore.db: 2017-09-26T11:26:12+0200 - 40,00 kB
2017-09-26 09:26:13.527+0000 INFO [o.n.k.i.DiagnosticsManager]   neostore.labeltokenstore.db: 2017-09-26T11:26:10+0200 - 0,00 B
2017-09-26 09:26:13.543+0000 INFO [o.n.k.i.DiagnosticsManager]   neostore.labeltokenstore.db.id: 2017-09-26T11:26:10+0200 - 9,00 B
2017-09-26 09:26:13.543+0000 INFO [o.n.k.i.DiagnosticsManager]   neostore.labeltokenstore.db.names: 2017-09-26T11:26:10+0200 - 8,00 kB
2017-09-26 09:26:13.543+0000 INFO [o.n.k.i.DiagnosticsManager]   neostore.labeltokenstore.db.names.id: 2017-09-26T11:26:10+0200 - 9,00 B
2017-09-26 09:26:13.558+0000 INFO [o.n.k.i.DiagnosticsManager]   neostore.nodestore.db: 2017-09-26T11:26:08+0200 - 0,00 B
2017-09-26 09:26:13.558+0000 INFO [o.n.k.i.DiagnosticsManager]   neostore.nodestore.db.id: 2017-09-26T11:26:08+0200 - 9,00 B
2017-09-26 09:26:13.558+0000 INFO [o.n.k.i.DiagnosticsManager]   neostore.nodestore.db.labels: 2017-09-26T11:26:08+0200 - 8,00 kB
2017-09-26 09:26:13.574+0000 INFO [o.n.k.i.DiagnosticsManager]   neostore.nodestore.db.labels.id: 2017-09-26T11:26:08+0200 - 9,00 B
2017-09-26 09:26:13.574+0000 INFO [o.n.k.i.DiagnosticsManager]   neostore.propertystore.db: 2017-09-26T11:26:09+0200 - 0,00 B
2017-09-26 09:26:13.574+0000 INFO [o.n.k.i.DiagnosticsManager]   neostore.propertystore.db.arrays: 2017-09-26T11:26:09+0200 - 8,00 kB
2017-09-26 09:26:13.590+0000 INFO [o.n.k.i.DiagnosticsManager]   neostore.propertystore.db.arrays.id: 2017-09-26T11:26:09+0200 - 9,00 B
2017-09-26 09:26:13.590+0000 INFO [o.n.k.i.DiagnosticsManager]   neostore.propertystore.db.id: 2017-09-26T11:26:09+0200 - 9,00 B
2017-09-26 09:26:13.590+0000 INFO [o.n.k.i.DiagnosticsManager]   neostore.propertystore.db.index: 2017-09-26T11:26:08+0200 - 0,00 B
2017-09-26 09:26:13.605+0000 INFO [o.n.k.i.DiagnosticsManager]   neostore.propertystore.db.index.id: 2017-09-26T11:26:09+0200 - 9,00 B
2017-09-26 09:26:13.605+0000 INFO [o.n.k.i.DiagnosticsManager]   neostore.propertystore.db.index.keys: 2017-09-26T11:26:08+0200 - 8,00 kB
2017-09-26 09:26:13.621+0000 INFO [o.n.k.i.DiagnosticsManager]   neostore.propertystore.db.index.keys.id: 2017-09-26T11:26:08+0200 - 9,00 B
2017-09-26 09:26:13.621+0000 INFO [o.n.k.i.DiagnosticsManager]   neostore.propertystore.db.strings: 2017-09-26T11:26:09+0200 - 8,00 kB
2017-09-26 09:26:13.621+0000 INFO [o.n.k.i.DiagnosticsManager]   neostore.propertystore.db.strings.id: 2017-09-26T11:26:09+0200 - 9,00 B
2017-09-26 09:26:13.637+0000 INFO [o.n.k.i.DiagnosticsManager]   neostore.relationshipgroupstore.db: 2017-09-26T11:26:11+0200 - 8,00 kB
2017-09-26 09:26:13.637+0000 INFO [o.n.k.i.DiagnosticsManager]   neostore.relationshipgroupstore.db.id: 2017-09-26T11:26:11+0200 - 9,00 B
2017-09-26 09:26:13.637+0000 INFO [o.n.k.i.DiagnosticsManager]   neostore.relationshipstore.db: 2017-09-26T11:26:09+0200 - 0,00 B
2017-09-26 09:26:13.652+0000 INFO [o.n.k.i.DiagnosticsManager]   neostore.relationshipstore.db.id: 2017-09-26T11:26:10+0200 - 9,00 B
2017-09-26 09:26:13.652+0000 INFO [o.n.k.i.DiagnosticsManager]   neostore.relationshiptypestore.db: 2017-09-26T11:26:10+0200 - 0,00 B
2017-09-26 09:26:13.652+0000 INFO [o.n.k.i.DiagnosticsManager]   neostore.relationshiptypestore.db.id: 2017-09-26T11:26:10+0200 - 9,00 B
2017-09-26 09:26:13.668+0000 INFO [o.n.k.i.DiagnosticsManager]   neostore.relationshiptypestore.db.names: 2017-09-26T11:26:10+0200 - 8,00 kB
2017-09-26 09:26:13.668+0000 INFO [o.n.k.i.DiagnosticsManager]   neostore.relationshiptypestore.db.names.id: 2017-09-26T11:26:10+0200 - 9,00 B
2017-09-26 09:26:13.668+0000 INFO [o.n.k.i.DiagnosticsManager]   neostore.schemastore.db: 2017-09-26T11:26:10+0200 - 8,00 kB
2017-09-26 09:26:13.683+0000 INFO [o.n.k.i.DiagnosticsManager]   neostore.schemastore.db.id: 2017-09-26T11:26:10+0200 - 9,00 B
2017-09-26 09:26:13.683+0000 INFO [o.n.k.i.DiagnosticsManager]   neostore.transaction.db.0: 2017-09-26T11:26:11+0200 - 16,00 B
2017-09-26 09:26:13.683+0000 INFO [o.n.k.i.DiagnosticsManager]   store_lock: 2017-09-26T11:26:08+0200 - 0,00 B
2017-09-26 09:26:13.699+0000 INFO [o.n.k.i.DiagnosticsManager] --- STARTED diagnostics for KernelDiagnostics:StoreFiles END ---
2017-09-26 09:26:16.176+0000 INFO [o.n.k.i.DiagnosticsManager] --- SERVER STARTED START ---
2017-09-26 09:26:18.338+0000 INFO [o.n.k.i.DiagnosticsManager] --- SERVER STARTED END ---
2017-09-26 09:29:47.706+0000 INFO [o.n.c.i.ExecutionEngine] Discarded stale query from the query cache: 
CALL db.labels() YIELD label
WITH COLLECT(label)[..1000] AS labels
RETURN 'labels' as a, labels as result
UNION
CALL db.relationshipTypes() YIELD relationshipType
WITH COLLECT(relationshipType)[..1000] AS relationshipTypes
RETURN 'relationshipTypes' as a, relationshipTypes as result
UNION
CALL db.propertyKeys() YIELD propertyKey
WITH COLLECT(propertyKey)[..1000] AS propertyKeys
RETURN 'propertyKeys' as a, propertyKeys as result
UNION
CALL dbms.functions() YIELD name, signature, description
WITH collect({name: name, signature: signature, description: description}) as functions
RETURN 'functions' as a, functions AS result
UNION
CALL dbms.procedures() YIELD name, signature, description
WITH collect({name: name, signature: signature, description: description}) as procedures
RETURN 'procedures' as a, procedures as result

2017-09-26 09:29:47.745+0000 INFO [o.n.c.i.CommunityCompatibilityFactory] Discarded stale query from the query cache: CALL db.labels() YIELD label
WITH COLLECT(label)[..1000] AS labels
RETURN 'labels' as a, labels as result
UNION
CALL db.relationshipTypes() YIELD relationshipType
WITH COLLECT(relationshipType)[..1000] AS relationshipTypes
RETURN 'relationshipTypes' as a, relationshipTypes as result
UNION
CALL db.propertyKeys() YIELD propertyKey
WITH COLLECT(propertyKey)[..1000] AS propertyKeys
RETURN 'propertyKeys' as a, propertyKeys as result
UNION
CALL dbms.functions() YIELD name, signature, description
WITH collect({name: name, signature: signature, description: description}) as functions
RETURN 'functions' as a, functions AS result
UNION
CALL dbms.procedures() YIELD name, signature, description
WITH collect({name: name, signature: signature, description: description}) as procedures
RETURN 'procedures' as a, procedures as result

2017-09-26 09:44:33.343+0000 ERROR [o.n.b.v.r.ErrorReporter] Client triggered an unexpected error [UnknownError]: Dangling meta character '*' near index 0
*
^, reference 22d7752e-3471-4c25-a0e9-b079eab932c7.
2017-09-26 09:44:33.350+0000 ERROR [o.n.b.v.r.ErrorReporter] Client triggered an unexpected error [UnknownError]: Dangling meta character '*' near index 0
*
^, reference 22d7752e-3471-4c25-a0e9-b079eab932c7. Dangling meta character '*' near index 0
*
^
java.util.regex.PatternSyntaxException: Dangling meta character '*' near index 0
*
^
	at java.util.regex.Pattern.error(Pattern.java:1955)
	at java.util.regex.Pattern.sequence(Pattern.java:2123)
	at java.util.regex.Pattern.expr(Pattern.java:1996)
	at java.util.regex.Pattern.compile(Pattern.java:1696)
	at java.util.regex.Pattern.<init>(Pattern.java:1351)
	at java.util.regex.Pattern.compile(Pattern.java:1028)
	at scala.util.matching.Regex.<init>(Regex.scala:191)
	at scala.collection.immutable.StringLike$class.r(StringLike.scala:255)
	at scala.collection.immutable.StringOps.r(StringOps.scala:29)
	at scala.collection.immutable.StringLike$class.r(StringLike.scala:244)
	at scala.collection.immutable.StringOps.r(StringOps.scala:29)
	at org.neo4j.cypher.internal.compiler.v3_2.commands.predicates.RegularExpression.isMatch(Predicate.scala:234)
	at org.neo4j.cypher.internal.compiler.v3_2.commands.predicates.Predicate.isTrue(Predicate.scala:35)
	at org.neo4j.cypher.internal.compiler.v3_2.pipes.FilterPipe$$anonfun$internalCreateResults$1.apply(FilterPipe.scala:33)
	at org.neo4j.cypher.internal.compiler.v3_2.pipes.FilterPipe$$anonfun$internalCreateResults$1.apply(FilterPipe.scala:33)
	at scala.collection.Iterator$$anon$13.hasNext(Iterator.scala:463)
	at scala.collection.Iterator$$anon$11.hasNext(Iterator.scala:408)
	at scala.collection.Iterator$$anon$11.hasNext(Iterator.scala:408)
	at org.neo4j.cypher.internal.compiler.v3_2.ClosingIterator$$anonfun$hasNext$1.apply$mcZ$sp(ResultIterator.scala:60)
	at org.neo4j.cypher.internal.compiler.v3_2.ClosingIterator$$anonfun$hasNext$1.apply(ResultIterator.scala:58)
	at org.neo4j.cypher.internal.compiler.v3_2.ClosingIterator$$anonfun$hasNext$1.apply(ResultIterator.scala:58)
	at org.neo4j.cypher.internal.compiler.v3_2.ClosingIterator$$anonfun$failIfThrows$1.apply(ResultIterator.scala:94)
	at org.neo4j.cypher.internal.compiler.v3_2.ClosingIterator.decoratedCypherException(ResultIterator.scala:103)
	at org.neo4j.cypher.internal.compiler.v3_2.ClosingIterator.failIfThrows(ResultIterator.scala:92)
	at org.neo4j.cypher.internal.compiler.v3_2.ClosingIterator.hasNext(ResultIterator.scala:57)
	at org.neo4j.cypher.internal.compiler.v3_2.PipeExecutionResult.hasNext(PipeExecutionResult.scala:77)
	at org.neo4j.cypher.internal.compiler.v3_2.helpers.RuntimeJavaValueConverter$feedIteratorToVisitable.accept(RuntimeJavaValueConverter.scala:53)
	at org.neo4j.cypher.internal.compiler.v3_2.PipeExecutionResult.accept(PipeExecutionResult.scala:109)
	at org.neo4j.cypher.internal.compatibility.v3_2.ExecutionResultWrapper.accept(ExecutionResultWrapper.scala:159)
	at org.neo4j.cypher.internal.compatibility.ClosingExecutionResult$$anonfun$accept$1.apply$mcV$sp(ClosingExecutionResult.scala:169)
	at org.neo4j.cypher.internal.compatibility.ClosingExecutionResult$$anonfun$accept$1.apply(ClosingExecutionResult.scala:168)
	at org.neo4j.cypher.internal.compatibility.ClosingExecutionResult$$anonfun$accept$1.apply(ClosingExecutionResult.scala:168)
	at org.neo4j.cypher.internal.compatibility.v3_2.exceptionHandler$runSafely$.apply(exceptionHandler.scala:90)
	at org.neo4j.cypher.internal.compatibility.ClosingExecutionResult.accept(ClosingExecutionResult.scala:168)
	at org.neo4j.cypher.internal.javacompat.ExecutionResult.accept(ExecutionResult.java:318)
	at org.neo4j.bolt.v1.runtime.CypherAdapterStream.accept(CypherAdapterStream.java:69)
	at org.neo4j.bolt.v1.messaging.BoltMessageRouter$ResultHandler.onRecords(BoltMessageRouter.java:130)
	at org.neo4j.bolt.v1.runtime.BoltStateMachine$State$3.lambda$pullAll$0(BoltStateMachine.java:449)
	at org.neo4j.bolt.v1.runtime.TransactionStateMachine$State$1.streamResult(TransactionStateMachine.java:227)
	at org.neo4j.bolt.v1.runtime.TransactionStateMachine.streamResult(TransactionStateMachine.java:90)
	at org.neo4j.bolt.v1.runtime.BoltStateMachine$State$3.pullAll(BoltStateMachine.java:448)
	at org.neo4j.bolt.v1.runtime.BoltStateMachine.pullAll(BoltStateMachine.java:230)
	at org.neo4j.bolt.v1.messaging.BoltMessageRouter.lambda$onPullAll$6(BoltMessageRouter.java:98)
	at org.neo4j.bolt.v1.runtime.concurrent.RunnableBoltWorker.execute(RunnableBoltWorker.java:130)
	at org.neo4j.bolt.v1.runtime.concurrent.RunnableBoltWorker.executeBatch(RunnableBoltWorker.java:123)
	at org.neo4j.bolt.v1.runtime.concurrent.RunnableBoltWorker.run(RunnableBoltWorker.java:96)
	at java.lang.Thread.run(Thread.java:748)
2017-09-26 09:45:12.802+0000 INFO [o.n.k.i.t.l.c.CheckPointerImpl] Check Pointing triggered by scheduler for time threshold [18]:  Starting check pointing...
2017-09-26 09:45:12.818+0000 INFO [o.n.k.i.t.l.c.CheckPointerImpl] Check Pointing triggered by scheduler for time threshold [18]:  Starting store flush...
2017-09-26 09:45:12.974+0000 INFO [o.n.k.i.s.c.CountsTracker] About to rotate counts store at transaction 18 to [C:\Users\UO251005\Downloads\neo4j-community-3.2.5-windows\neo4j-community-3.2.5\data\databases\graph.db\neostore.counts.db.b], from [C:\Users\UO251005\Downloads\neo4j-community-3.2.5-windows\neo4j-community-3.2.5\data\databases\graph.db\neostore.counts.db.a].
2017-09-26 09:45:13.005+0000 INFO [o.n.k.i.s.c.CountsTracker] Successfully rotated counts store at transaction 18 to [C:\Users\UO251005\Downloads\neo4j-community-3.2.5-windows\neo4j-community-3.2.5\data\databases\graph.db\neostore.counts.db.b], from [C:\Users\UO251005\Downloads\neo4j-community-3.2.5-windows\neo4j-community-3.2.5\data\databases\graph.db\neostore.counts.db.a].
2017-09-26 09:45:13.834+0000 INFO [o.n.k.i.t.l.c.CheckPointerImpl] Check Pointing triggered by scheduler for time threshold [18]:  Store flush completed
2017-09-26 09:45:13.849+0000 INFO [o.n.k.i.t.l.c.CheckPointerImpl] Check Pointing triggered by scheduler for time threshold [18]:  Starting appending check point entry into the tx log...
2017-09-26 09:45:13.912+0000 INFO [o.n.k.i.t.l.c.CheckPointerImpl] Check Pointing triggered by scheduler for time threshold [18]:  Appending check point entry into the tx log completed
2017-09-26 09:45:13.927+0000 INFO [o.n.k.i.t.l.c.CheckPointerImpl] Check Pointing triggered by scheduler for time threshold [18]:  Check pointing completed
2017-09-26 09:45:13.927+0000 INFO [o.n.k.i.t.l.p.LogPruningImpl] Log Rotation [0]:  Starting log pruning.
2017-09-26 09:45:13.943+0000 INFO [o.n.k.i.t.l.p.LogPruningImpl] Log Rotation [0]:  Log pruning complete.
