[2017-10-10T11:15:33,044][INFO ][o.e.n.Node               ] [] initializing ...
[2017-10-10T11:15:35,483][INFO ][o.e.e.NodeEnvironment    ] [pTLODjN] using [1] data paths, mounts [[(C:)]], net usable_space [76.9gb], net total_space [232.3gb], spins? [unknown], types [NTFS]
[2017-10-10T11:15:35,484][INFO ][o.e.e.NodeEnvironment    ] [pTLODjN] heap size [1.9gb], compressed ordinary object pointers [true]
[2017-10-10T11:15:35,487][INFO ][o.e.n.Node               ] node name [pTLODjN] derived from node ID [pTLODjNhQKW8umr2HehEgA]; set [node.name] to override
[2017-10-10T11:15:35,487][INFO ][o.e.n.Node               ] version[5.6.2], pid[7004], build[57e20f3/2017-09-23T13:16:45.703Z], OS[Windows 10/10.0/amd64], JVM[Oracle Corporation/Java HotSpot(TM) 64-Bit Server VM/1.8.0_131/25.131-b11]
[2017-10-10T11:15:35,491][INFO ][o.e.n.Node               ] JVM arguments [-Xms2g, -Xmx2g, -XX:+UseConcMarkSweepGC, -XX:CMSInitiatingOccupancyFraction=75, -XX:+UseCMSInitiatingOccupancyOnly, -XX:+AlwaysPreTouch, -Xss1m, -Djava.awt.headless=true, -Dfile.encoding=UTF-8, -Djna.nosys=true, -Djdk.io.permissionsUseCanonicalPath=true, -Dio.netty.noUnsafe=true, -Dio.netty.noKeySetOptimization=true, -Dio.netty.recycler.maxCapacityPerThread=0, -Dlog4j.shutdownHookEnabled=false, -Dlog4j2.disable.jmx=true, -Dlog4j.skipJansi=true, -XX:+HeapDumpOnOutOfMemoryError, -Delasticsearch, -Des.path.home=C:\Users\UO251005\Desktop\RI\elasticsearch-5.6.2]
[2017-10-10T11:15:40,522][INFO ][o.e.p.PluginsService     ] [pTLODjN] loaded module [aggs-matrix-stats]
[2017-10-10T11:15:40,522][INFO ][o.e.p.PluginsService     ] [pTLODjN] loaded module [ingest-common]
[2017-10-10T11:15:40,522][INFO ][o.e.p.PluginsService     ] [pTLODjN] loaded module [lang-expression]
[2017-10-10T11:15:40,522][INFO ][o.e.p.PluginsService     ] [pTLODjN] loaded module [lang-groovy]
[2017-10-10T11:15:40,523][INFO ][o.e.p.PluginsService     ] [pTLODjN] loaded module [lang-mustache]
[2017-10-10T11:15:40,523][INFO ][o.e.p.PluginsService     ] [pTLODjN] loaded module [lang-painless]
[2017-10-10T11:15:40,523][INFO ][o.e.p.PluginsService     ] [pTLODjN] loaded module [parent-join]
[2017-10-10T11:15:40,523][INFO ][o.e.p.PluginsService     ] [pTLODjN] loaded module [percolator]
[2017-10-10T11:15:40,523][INFO ][o.e.p.PluginsService     ] [pTLODjN] loaded module [reindex]
[2017-10-10T11:15:40,523][INFO ][o.e.p.PluginsService     ] [pTLODjN] loaded module [transport-netty3]
[2017-10-10T11:15:40,523][INFO ][o.e.p.PluginsService     ] [pTLODjN] loaded module [transport-netty4]
[2017-10-10T11:15:40,524][INFO ][o.e.p.PluginsService     ] [pTLODjN] no plugins loaded
[2017-10-10T11:16:04,137][INFO ][o.e.d.DiscoveryModule    ] [pTLODjN] using discovery type [zen]
[2017-10-10T11:16:07,346][INFO ][o.e.n.Node               ] initialized
[2017-10-10T11:16:07,347][INFO ][o.e.n.Node               ] [pTLODjN] starting ...
[2017-10-10T11:16:08,939][INFO ][o.e.t.TransportService   ] [pTLODjN] publish_address {127.0.0.1:9300}, bound_addresses {127.0.0.1:9300}, {[::1]:9300}
[2017-10-10T11:16:12,359][INFO ][o.e.c.s.ClusterService   ] [pTLODjN] new_master {pTLODjN}{pTLODjNhQKW8umr2HehEgA}{_vrYuOSLR0ugP-71vKwh-w}{127.0.0.1}{127.0.0.1:9300}, reason: zen-disco-elected-as-master ([0] nodes joined)
[2017-10-10T11:16:12,559][INFO ][o.e.h.n.Netty4HttpServerTransport] [pTLODjN] publish_address {127.0.0.1:9200}, bound_addresses {127.0.0.1:9200}, {[::1]:9200}
[2017-10-10T11:16:12,559][INFO ][o.e.n.Node               ] [pTLODjN] started
[2017-10-10T11:16:12,739][INFO ][o.e.g.GatewayService     ] [pTLODjN] recovered [0] indices into cluster_state
[2017-10-10T11:18:44,999][INFO ][o.e.c.s.ClusterSettings  ] [pTLODjN] updating [cluster.routing.allocation.enable] from [ALL] to [none]
[2017-10-10T11:18:46,005][INFO ][o.e.c.s.ClusterSettings  ] [pTLODjN] updating [cluster.routing.allocation.enable] from [none] to [all]
[2017-10-10T11:54:29,505][INFO ][o.e.n.Node               ] [pTLODjN] stopping ...
[2017-10-10T11:54:29,552][INFO ][o.e.n.Node               ] [pTLODjN] stopped
[2017-10-10T11:54:29,568][INFO ][o.e.n.Node               ] [pTLODjN] closing ...
[2017-10-10T11:54:29,583][INFO ][o.e.n.Node               ] [pTLODjN] closed
[2017-10-10T11:55:31,272][INFO ][o.e.n.Node               ] [] initializing ...
[2017-10-10T11:55:33,116][INFO ][o.e.e.NodeEnvironment    ] [pTLODjN] using [1] data paths, mounts [[(C:)]], net usable_space [76.6gb], net total_space [232.3gb], spins? [unknown], types [NTFS]
[2017-10-10T11:55:33,116][INFO ][o.e.e.NodeEnvironment    ] [pTLODjN] heap size [1.9gb], compressed ordinary object pointers [true]
[2017-10-10T11:55:33,116][INFO ][o.e.n.Node               ] node name [pTLODjN] derived from node ID [pTLODjNhQKW8umr2HehEgA]; set [node.name] to override
[2017-10-10T11:55:33,116][INFO ][o.e.n.Node               ] version[5.6.2], pid[5484], build[57e20f3/2017-09-23T13:16:45.703Z], OS[Windows 10/10.0/amd64], JVM[Oracle Corporation/Java HotSpot(TM) 64-Bit Server VM/1.8.0_131/25.131-b11]
[2017-10-10T11:55:33,116][INFO ][o.e.n.Node               ] JVM arguments [-Xms2g, -Xmx2g, -XX:+UseConcMarkSweepGC, -XX:CMSInitiatingOccupancyFraction=75, -XX:+UseCMSInitiatingOccupancyOnly, -XX:+AlwaysPreTouch, -Xss1m, -Djava.awt.headless=true, -Dfile.encoding=UTF-8, -Djna.nosys=true, -Djdk.io.permissionsUseCanonicalPath=true, -Dio.netty.noUnsafe=true, -Dio.netty.noKeySetOptimization=true, -Dio.netty.recycler.maxCapacityPerThread=0, -Dlog4j.shutdownHookEnabled=false, -Dlog4j2.disable.jmx=true, -Dlog4j.skipJansi=true, -XX:+HeapDumpOnOutOfMemoryError, -Delasticsearch, -Des.path.home=C:\Users\UO251005\Desktop\RI\elasticsearch-5.6.2]
[2017-10-10T11:55:34,944][INFO ][o.e.p.PluginsService     ] [pTLODjN] loaded module [aggs-matrix-stats]
[2017-10-10T11:55:34,944][INFO ][o.e.p.PluginsService     ] [pTLODjN] loaded module [ingest-common]
[2017-10-10T11:55:34,944][INFO ][o.e.p.PluginsService     ] [pTLODjN] loaded module [lang-expression]
[2017-10-10T11:55:34,944][INFO ][o.e.p.PluginsService     ] [pTLODjN] loaded module [lang-groovy]
[2017-10-10T11:55:34,944][INFO ][o.e.p.PluginsService     ] [pTLODjN] loaded module [lang-mustache]
[2017-10-10T11:55:34,944][INFO ][o.e.p.PluginsService     ] [pTLODjN] loaded module [lang-painless]
[2017-10-10T11:55:34,944][INFO ][o.e.p.PluginsService     ] [pTLODjN] loaded module [parent-join]
[2017-10-10T11:55:34,944][INFO ][o.e.p.PluginsService     ] [pTLODjN] loaded module [percolator]
[2017-10-10T11:55:34,944][INFO ][o.e.p.PluginsService     ] [pTLODjN] loaded module [reindex]
[2017-10-10T11:55:34,944][INFO ][o.e.p.PluginsService     ] [pTLODjN] loaded module [transport-netty3]
[2017-10-10T11:55:34,944][INFO ][o.e.p.PluginsService     ] [pTLODjN] loaded module [transport-netty4]
[2017-10-10T11:55:34,944][INFO ][o.e.p.PluginsService     ] [pTLODjN] no plugins loaded
[2017-10-10T11:55:39,851][INFO ][o.e.d.DiscoveryModule    ] [pTLODjN] using discovery type [zen]
[2017-10-10T11:55:40,601][INFO ][o.e.n.Node               ] initialized
[2017-10-10T11:55:40,601][INFO ][o.e.n.Node               ] [pTLODjN] starting ...
[2017-10-10T11:55:41,007][INFO ][o.e.t.TransportService   ] [pTLODjN] publish_address {127.0.0.1:9300}, bound_addresses {127.0.0.1:9300}, {[::1]:9300}
[2017-10-10T11:55:44,102][INFO ][o.e.c.s.ClusterService   ] [pTLODjN] new_master {pTLODjN}{pTLODjNhQKW8umr2HehEgA}{DDl3cIEaQU6JFtuJV9SA5A}{127.0.0.1}{127.0.0.1:9300}, reason: zen-disco-elected-as-master ([0] nodes joined)
[2017-10-10T11:55:44,242][INFO ][o.e.h.n.Netty4HttpServerTransport] [pTLODjN] publish_address {127.0.0.1:9200}, bound_addresses {127.0.0.1:9200}, {[::1]:9200}
[2017-10-10T11:55:44,242][INFO ][o.e.n.Node               ] [pTLODjN] started
[2017-10-10T11:55:44,258][INFO ][o.e.g.GatewayService     ] [pTLODjN] recovered [0] indices into cluster_state
[2017-10-10T12:55:06,846][INFO ][o.e.b.Bootstrap          ] running graceful exit on windows
[2017-10-10T12:55:06,849][INFO ][o.e.n.Node               ] [pTLODjN] stopping ...
[2017-10-10T12:55:06,881][INFO ][o.e.n.Node               ] [pTLODjN] stopped
[2017-10-10T12:55:06,881][INFO ][o.e.n.Node               ] [pTLODjN] closing ...
[2017-10-10T12:55:06,902][INFO ][o.e.n.Node               ] [pTLODjN] closed
